<?xml version="1.0" encoding="UTF-8"?>
<testsuite name="com.gildedrose.GildedRoseTest" tests="2" skipped="0" failures="0" errors="0" timestamp="2022-09-30T12:11:01" hostname="vm-etu-osallabwan.local.isima.fr" time="0.018">
  <properties/>
  <testcase name="Test that the name is unchanged" classname="com.gildedrose.GildedRoseTest" time="0.016"/>
  <testcase name="Test that the quality is correct" classname="com.gildedrose.GildedRoseTest" time="0.0"/>
  <system-out><![CDATA[]]></system-out>
  <system-err><![CDATA[]]></system-err>
</testsuite>
