<?xml version="1.0" encoding="UTF-8"?>
<testsuite name="com.gildedrose.GildedRoseTest" tests="2" skipped="0" failures="0" errors="0" timestamp="2022-09-17T13:53:47" hostname="vm-etu-osallabwan.local.isima.fr" time="0.03">
  <properties/>
  <testcase name="Test that the name is unchanged" classname="com.gildedrose.GildedRoseTest" time="0.026"/>
  <testcase name="Test that the quality is correct" classname="com.gildedrose.GildedRoseTest" time="0.001"/>
  <system-out><![CDATA[]]></system-out>
  <system-err><![CDATA[]]></system-err>
</testsuite>
