<?xml version="1.0" encoding="UTF-8"?>
<testsuite name="com.gildedrose.GildedRoseTest" tests="2" skipped="0" failures="0" errors="0" timestamp="2022-09-23T17:50:39" hostname="vm-etu-osallabwan.local.isima.fr" time="0.031">
  <properties/>
  <testcase name="Test that the name is unchanged" classname="com.gildedrose.GildedRoseTest" time="0.026"/>
  <testcase name="Test that the quality is correct" classname="com.gildedrose.GildedRoseTest" time="0.002"/>
  <system-out><![CDATA[]]></system-out>
  <system-err><![CDATA[]]></system-err>
</testsuite>
